# JRE version: OpenJDK Runtime Environment Temurin-21.0.10+7 (21.0.10+7) (build 21.0.10+7-LTS)
# Java VM: OpenJDK 64-Bit Server VM Temurin-21.0.10+7 (21.0.10+7-LTS, mixed mode, sharing, tiered, compressed oops, compressed class ptrs, parallel gc, windows-amd64)
GC Precious Log:
 CardTable entry size: 512
 CPUs: 12 total, 12 available
 Memory: 15711M
 Large Page Support: Disabled
 NUMA Support: Disabled
 Compressed Oops: Enabled (32-bit)
 Alignments: Space 512K, Generation 512K, Heap 2M
 Heap Min Capacity: 100M
 Heap Initial Capacity: 100M
 Heap Max Capacity: 2G
 Pre-touch: Disabled
 Parallel Workers: 10
Heap:
 PSYoungGen      total 12800K, used 9923K [0x00000000d5580000, 0x00000000d6500000, 0x0000000100000000)
  eden space 12288K, 78% used [0x00000000d5580000,0x00000000d5ee0cd8,0x00000000d6180000)
  from space 512K, 62% used [0x00000000d6480000,0x00000000d64d0000,0x00000000d6500000)
  to   space 512K, 0% used [0x00000000d6400000,0x00000000d6400000,0x00000000d6480000)
 ParOldGen       total 80896K, used 80298K [0x0000000080000000, 0x0000000084f00000, 0x00000000d5580000)
  object space 80896K, 99% used [0x0000000080000000,0x0000000084e6ab58,0x0000000084f00000)
 Metaspace       used 90465K, committed 91904K, reserved 1179648K
  class space    used 9920K, committed 10560K, reserved 1048576K
GC Heap History (20 events):
Event: 1756.597 GC heap before
{Heap before GC invocations=414 (full 3):
 PSYoungGen      total 15360K, used 14930K [0x00000000d5580000, 0x00000000d6980000, 0x0000000100000000)
  eden space 12288K, 100% used [0x00000000d5580000,0x00000000d6180000,0x00000000d6180000)
  from space 3072K, 86% used [0x00000000d6680000,0x00000000d6914a60,0x00000000d6980000)
  to   space 3584K, 0% used [0x00000000d6280000,0x00000000d6280000,0x00000000d6600000)
 ParOldGen       total 76288K, used 75906K [0x0000000080000000, 0x0000000084a80000, 0x00000000d5580000)
  object space 76288K, 99% used [0x0000000080000000,0x0000000084a208a0,0x0000000084a80000)
 Metaspace       used 84795K, committed 86080K, reserved 1179648K
  class space    used 9446K, committed 10048K, reserved 1048576K
}
Event: 1756.600 GC heap after
{Heap after GC invocations=414 (full 3):
 PSYoungGen      total 13312K, used 936K [0x00000000d5580000, 0x00000000d6700000, 0x0000000100000000)
  eden space 12288K, 0% used [0x00000000d5580000,0x00000000d5580000,0x00000000d6180000)
  from space 1024K, 91% used [0x00000000d6280000,0x00000000d636a3b8,0x00000000d6380000)
  to   space 2048K, 0% used [0x00000000d6500000,0x00000000d6500000,0x00000000d6700000)
 ParOldGen       total 77824K, used 77723K [0x0000000080000000, 0x0000000084c00000, 0x00000000d5580000)
  object space 77824K, 99% used [0x0000000080000000,0x0000000084be6eb0,0x0000000084c00000)
 Metaspace       used 84795K, committed 86080K, reserved 1179648K
  class space    used 9446K, committed 10048K, reserved 1048576K
}
Event: 1756.645 GC heap before
{Heap before GC invocations=415 (full 3):
 PSYoungGen      total 13312K, used 13224K [0x00000000d5580000, 0x00000000d6700000, 0x0000000100000000)
  eden space 12288K, 100% used [0x00000000d5580000,0x00000000d6180000,0x00000000d6180000)
  from space 1024K, 91% used [0x00000000d6280000,0x00000000d636a3b8,0x00000000d6380000)
  to   space 2048K, 0% used [0x00000000d6500000,0x00000000d6500000,0x00000000d6700000)
 ParOldGen       total 77824K, used 77723K [0x0000000080000000, 0x0000000084c00000, 0x00000000d5580000)
  object space 77824K, 99% used [0x0000000080000000,0x0000000084be6eb0,0x0000000084c00000)
 Metaspace       used 84801K, committed 86080K, reserved 1179648K
  class space    used 9446K, committed 10048K, reserved 1048576K
}
Event: 1756.646 GC heap after
{Heap after GC invocations=415 (full 3):
 PSYoungGen      total 13312K, used 971K [0x00000000d5580000, 0x00000000d6600000, 0x0000000100000000)
  eden space 12288K, 0% used [0x00000000d5580000,0x00000000d5580000,0x00000000d6180000)
  from space 1024K, 94% used [0x00000000d6500000,0x00000000d65f2ce8,0x00000000d6600000)
  to   space 1536K, 0% used [0x00000000d6300000,0x00000000d6300000,0x00000000d6480000)
 ParOldGen       total 77824K, used 77739K [0x0000000080000000, 0x0000000084c00000, 0x00000000d5580000)
  object space 77824K, 99% used [0x0000000080000000,0x0000000084beaeb0,0x0000000084c00000)
 Metaspace       used 84801K, committed 86080K, reserved 1179648K
  class space    used 9446K, committed 10048K, reserved 1048576K
}
Event: 1756.754 GC heap before
{Heap before GC invocations=416 (full 3):
 PSYoungGen      total 13312K, used 13259K [0x00000000d5580000, 0x00000000d6600000, 0x0000000100000000)
  eden space 12288K, 100% used [0x00000000d5580000,0x00000000d6180000,0x00000000d6180000)
  from space 1024K, 94% used [0x00000000d6500000,0x00000000d65f2ce8,0x00000000d6600000)
  to   space 1536K, 0% used [0x00000000d6300000,0x00000000d6300000,0x00000000d6480000)
 ParOldGen       total 77824K, used 77739K [0x0000000080000000, 0x0000000084c00000, 0x00000000d5580000)
  object space 77824K, 99% used [0x0000000080000000,0x0000000084beaeb0,0x0000000084c00000)
 Metaspace       used 85519K, committed 86848K, reserved 1179648K
  class space    used 9511K, committed 10112K, reserved 1048576K
}
Event: 1756.758 GC heap after
{Heap after GC invocations=416 (full 3):
 PSYoungGen      total 13824K, used 224K [0x00000000d5580000, 0x00000000d6580000, 0x0000000100000000)
  eden space 12288K, 0% used [0x00000000d5580000,0x00000000d5580000,0x00000000d6180000)
  from space 1536K, 14% used [0x00000000d6300000,0x00000000d6338000,0x00000000d6480000)
  to   space 1024K, 0% used [0x00000000d6480000,0x00000000d6480000,0x00000000d6580000)
 ParOldGen       total 77824K, used 77739K [0x0000000080000000, 0x0000000084c00000, 0x00000000d5580000)
  object space 77824K, 99% used [0x0000000080000000,0x0000000084beaeb0,0x0000000084c00000)
 Metaspace       used 85519K, committed 86848K, reserved 1179648K
  class space    used 9511K, committed 10112K, reserved 1048576K
}
Event: 1757.305 GC heap before
{Heap before GC invocations=417 (full 3):
 PSYoungGen      total 13824K, used 12512K [0x00000000d5580000, 0x00000000d6580000, 0x0000000100000000)
  eden space 12288K, 100% used [0x00000000d5580000,0x00000000d6180000,0x00000000d6180000)
  from space 1536K, 14% used [0x00000000d6300000,0x00000000d6338000,0x00000000d6480000)
  to   space 1024K, 0% used [0x00000000d6480000,0x00000000d6480000,0x00000000d6580000)
 ParOldGen       total 77824K, used 77739K [0x0000000080000000, 0x0000000084c00000, 0x00000000d5580000)
  object space 77824K, 99% used [0x0000000080000000,0x0000000084beaeb0,0x0000000084c00000)
 Metaspace       used 86236K, committed 87552K, reserved 1179648K
  class space    used 9602K, committed 10240K, reserved 1048576K
}
Event: 1757.306 GC heap after
{Heap after GC invocations=417 (full 3):
 PSYoungGen      total 12800K, used 320K [0x00000000d5580000, 0x00000000d6500000, 0x0000000100000000)
  eden space 12288K, 0% used [0x00000000d5580000,0x00000000d5580000,0x00000000d6180000)
  from space 512K, 62% used [0x00000000d6480000,0x00000000d64d0000,0x00000000d6500000)
  to   space 512K, 0% used [0x00000000d6400000,0x00000000d6400000,0x00000000d6480000)
 ParOldGen       total 77824K, used 77779K [0x0000000080000000, 0x0000000084c00000, 0x00000000d5580000)
  object space 77824K, 99% used [0x0000000080000000,0x0000000084bf4eb0,0x0000000084c00000)
 Metaspace       used 86236K, committed 87552K, reserved 1179648K
  class space    used 9602K, committed 10240K, reserved 1048576K
}
Event: 1757.786 GC heap before
{Heap before GC invocations=418 (full 3):
 PSYoungGen      total 12800K, used 12608K [0x00000000d5580000, 0x00000000d6500000, 0x0000000100000000)
  eden space 12288K, 100% used [0x00000000d5580000,0x00000000d6180000,0x00000000d6180000)
  from space 512K, 62% used [0x00000000d6480000,0x00000000d64d0000,0x00000000d6500000)
  to   space 512K, 0% used [0x00000000d6400000,0x00000000d6400000,0x00000000d6480000)
 ParOldGen       total 77824K, used 77779K [0x0000000080000000, 0x0000000084c00000, 0x00000000d5580000)
  object space 77824K, 99% used [0x0000000080000000,0x0000000084bf4eb0,0x0000000084c00000)
 Metaspace       used 86975K, committed 88320K, reserved 1179648K
  class space    used 9663K, committed 10304K, reserved 1048576K
}
Event: 1757.788 GC heap after
{Heap after GC invocations=418 (full 3):
 PSYoungGen      total 12800K, used 352K [0x00000000d5580000, 0x00000000d6500000, 0x0000000100000000)
  eden space 12288K, 0% used [0x00000000d5580000,0x00000000d5580000,0x00000000d6180000)
  from space 512K, 68% used [0x00000000d6400000,0x00000000d6458000,0x00000000d6480000)
  to   space 512K, 0% used [0x00000000d6480000,0x00000000d6480000,0x00000000d6500000)
 ParOldGen       total 78336K, used 77955K [0x0000000080000000, 0x0000000084c80000, 0x00000000d5580000)
  object space 78336K, 99% used [0x0000000080000000,0x0000000084c20eb0,0x0000000084c80000)
 Metaspace       used 86975K, committed 88320K, reserved 1179648K
  class space    used 9663K, committed 10304K, reserved 1048576K
}
Event: 1758.275 GC heap before
{Heap before GC invocations=419 (full 3):
 PSYoungGen      total 12800K, used 12640K [0x00000000d5580000, 0x00000000d6500000, 0x0000000100000000)
  eden space 12288K, 100% used [0x00000000d5580000,0x00000000d6180000,0x00000000d6180000)
  from space 512K, 68% used [0x00000000d6400000,0x00000000d6458000,0x00000000d6480000)
  to   space 512K, 0% used [0x00000000d6480000,0x00000000d6480000,0x00000000d6500000)
 ParOldGen       total 78336K, used 77955K [0x0000000080000000, 0x0000000084c80000, 0x00000000d5580000)
  object space 78336K, 99% used [0x0000000080000000,0x0000000084c20eb0,0x0000000084c80000)
 Metaspace       used 88116K, committed 89472K, reserved 1179648K
  class space    used 9747K, committed 10368K, reserved 1048576K
}
Event: 1758.277 GC heap after
{Heap after GC invocations=419 (full 3):
 PSYoungGen      total 12800K, used 483K [0x00000000d5580000, 0x00000000d6500000, 0x0000000100000000)
  eden space 12288K, 0% used [0x00000000d5580000,0x00000000d5580000,0x00000000d6180000)
  from space 512K, 94% used [0x00000000d6480000,0x00000000d64f8c50,0x00000000d6500000)
  to   space 512K, 0% used [0x00000000d6400000,0x00000000d6400000,0x00000000d6480000)
 ParOldGen       total 79360K, used 78928K [0x0000000080000000, 0x0000000084d80000, 0x00000000d5580000)
  object space 79360K, 99% used [0x0000000080000000,0x0000000084d143c0,0x0000000084d80000)
 Metaspace       used 88116K, committed 89472K, reserved 1179648K
  class space    used 9747K, committed 10368K, reserved 1048576K
}
Event: 1821.866 GC heap before
{Heap before GC invocations=420 (full 3):
 PSYoungGen      total 12800K, used 12771K [0x00000000d5580000, 0x00000000d6500000, 0x0000000100000000)
  eden space 12288K, 100% used [0x00000000d5580000,0x00000000d6180000,0x00000000d6180000)
  from space 512K, 94% used [0x00000000d6480000,0x00000000d64f8c50,0x00000000d6500000)
  to   space 512K, 0% used [0x00000000d6400000,0x00000000d6400000,0x00000000d6480000)
 ParOldGen       total 79360K, used 78928K [0x0000000080000000, 0x0000000084d80000, 0x00000000d5580000)
  object space 79360K, 99% used [0x0000000080000000,0x0000000084d143c0,0x0000000084d80000)
 Metaspace       used 89816K, committed 91200K, reserved 1179648K
  class space    used 9912K, committed 10560K, reserved 1048576K
}
Event: 1821.867 GC heap after
{Heap after GC invocations=420 (full 3):
 PSYoungGen      total 12800K, used 495K [0x00000000d5580000, 0x00000000d6500000, 0x0000000100000000)
  eden space 12288K, 0% used [0x00000000d5580000,0x00000000d5580000,0x00000000d6180000)
  from space 512K, 96% used [0x00000000d6400000,0x00000000d647bff8,0x00000000d6480000)
  to   space 512K, 0% used [0x00000000d6480000,0x00000000d6480000,0x00000000d6500000)
 ParOldGen       total 79360K, used 79141K [0x0000000080000000, 0x0000000084d80000, 0x00000000d5580000)
  object space 79360K, 99% used [0x0000000080000000,0x0000000084d49650,0x0000000084d80000)
 Metaspace       used 89816K, committed 91200K, reserved 1179648K
  class space    used 9912K, committed 10560K, reserved 1048576K
}
Event: 1894.140 GC heap before
{Heap before GC invocations=421 (full 3):
 PSYoungGen      total 12800K, used 12783K [0x00000000d5580000, 0x00000000d6500000, 0x0000000100000000)
  eden space 12288K, 100% used [0x00000000d5580000,0x00000000d6180000,0x00000000d6180000)
  from space 512K, 96% used [0x00000000d6400000,0x00000000d647bff8,0x00000000d6480000)
  to   space 512K, 0% used [0x00000000d6480000,0x00000000d6480000,0x00000000d6500000)
 ParOldGen       total 79360K, used 79141K [0x0000000080000000, 0x0000000084d80000, 0x00000000d5580000)
  object space 79360K, 99% used [0x0000000080000000,0x0000000084d49650,0x0000000084d80000)
 Metaspace       used 89849K, committed 91264K, reserved 1179648K
  class space    used 9912K, committed 10560K, reserved 1048576K
}
Event: 1894.141 GC heap after
{Heap after GC invocations=421 (full 3):
 PSYoungGen      total 12800K, used 288K [0x00000000d5580000, 0x00000000d6500000, 0x0000000100000000)
  eden space 12288K, 0% used [0x00000000d5580000,0x00000000d5580000,0x00000000d6180000)
  from space 512K, 56% used [0x00000000d6480000,0x00000000d64c8000,0x00000000d6500000)
  to   space 512K, 0% used [0x00000000d6400000,0x00000000d6400000,0x00000000d6480000)
 ParOldGen       total 79872K, used 79469K [0x0000000080000000, 0x0000000084e00000, 0x00000000d5580000)
  object space 79872K, 99% used [0x0000000080000000,0x0000000084d9b648,0x0000000084e00000)
 Metaspace       used 89849K, committed 91264K, reserved 1179648K
  class space    used 9912K, committed 10560K, reserved 1048576K
}
Event: 1956.031 GC heap before
{Heap before GC invocations=422 (full 3):
 PSYoungGen      total 12800K, used 12576K [0x00000000d5580000, 0x00000000d6500000, 0x0000000100000000)
  eden space 12288K, 100% used [0x00000000d5580000,0x00000000d6180000,0x00000000d6180000)
  from space 512K, 56% used [0x00000000d6480000,0x00000000d64c8000,0x00000000d6500000)
  to   space 512K, 0% used [0x00000000d6400000,0x00000000d6400000,0x00000000d6480000)
 ParOldGen       total 79872K, used 79469K [0x0000000080000000, 0x0000000084e00000, 0x00000000d5580000)
  object space 79872K, 99% used [0x0000000080000000,0x0000000084d9b648,0x0000000084e00000)
 Metaspace       used 89862K, committed 91264K, reserved 1179648K
  class space    used 9912K, committed 10560K, reserved 1048576K
}
Event: 1956.032 GC heap after
{Heap after GC invocations=422 (full 3):
 PSYoungGen      total 12800K, used 224K [0x00000000d5580000, 0x00000000d6500000, 0x0000000100000000)
  eden space 12288K, 0% used [0x00000000d5580000,0x00000000d5580000,0x00000000d6180000)
  from space 512K, 43% used [0x00000000d6400000,0x00000000d6438000,0x00000000d6480000)
  to   space 512K, 0% used [0x00000000d6480000,0x00000000d6480000,0x00000000d6500000)
 ParOldGen       total 79872K, used 79485K [0x0000000080000000, 0x0000000084e00000, 0x00000000d5580000)
  object space 79872K, 99% used [0x0000000080000000,0x0000000084d9f648,0x0000000084e00000)
 Metaspace       used 89862K, committed 91264K, reserved 1179648K
  class space    used 9912K, committed 10560K, reserved 1048576K
}
Event: 2202.118 GC heap before
{Heap before GC invocations=423 (full 3):
 PSYoungGen      total 12800K, used 12512K [0x00000000d5580000, 0x00000000d6500000, 0x0000000100000000)
  eden space 12288K, 100% used [0x00000000d5580000,0x00000000d6180000,0x00000000d6180000)
  from space 512K, 43% used [0x00000000d6400000,0x00000000d6438000,0x00000000d6480000)
  to   space 512K, 0% used [0x00000000d6480000,0x00000000d6480000,0x00000000d6500000)
 ParOldGen       total 79872K, used 79485K [0x0000000080000000, 0x0000000084e00000, 0x00000000d5580000)
  object space 79872K, 99% used [0x0000000080000000,0x0000000084d9f648,0x0000000084e00000)
 Metaspace       used 90200K, committed 91584K, reserved 1179648K
  class space    used 9915K, committed 10560K, reserved 1048576K
}
Event: 2202.119 GC heap after
{Heap after GC invocations=423 (full 3):
 PSYoungGen      total 12800K, used 320K [0x00000000d5580000, 0x00000000d6500000, 0x0000000100000000)
  eden space 12288K, 0% used [0x00000000d5580000,0x00000000d5580000,0x00000000d6180000)
  from space 512K, 62% used [0x00000000d6480000,0x00000000d64d0000,0x00000000d6500000)
  to   space 512K, 0% used [0x00000000d6400000,0x00000000d6400000,0x00000000d6480000)
 ParOldGen       total 80896K, used 80298K [0x0000000080000000, 0x0000000084f00000, 0x00000000d5580000)
  object space 80896K, 99% used [0x0000000080000000,0x0000000084e6ab58,0x0000000084f00000)
 Metaspace       used 90200K, committed 91584K, reserved 1179648K
  class space    used 9915K, committed 10560K, reserved 1048576K
}

