# JRE version: OpenJDK Runtime Environment Temurin-21.0.10+7 (21.0.10+7) (build 21.0.10+7-LTS)
# Java VM: OpenJDK 64-Bit Server VM Temurin-21.0.10+7 (21.0.10+7-LTS, mixed mode, sharing, tiered, compressed oops, compressed class ptrs, parallel gc, windows-amd64)
GC Precious Log:
 CardTable entry size: 512
 CPUs: 12 total, 12 available
 Memory: 15711M
 Large Page Support: Disabled
 NUMA Support: Disabled
 Compressed Oops: Enabled (32-bit)
 Alignments: Space 512K, Generation 512K, Heap 2M
 Heap Min Capacity: 100M
 Heap Initial Capacity: 100M
 Heap Max Capacity: 2G
 Pre-touch: Disabled
 Parallel Workers: 10
Heap:
 PSYoungGen      total 19456K, used 13775K [0x00000000d5580000, 0x00000000d7a00000, 0x0000000100000000)
  eden space 18944K, 70% used [0x00000000d5580000,0x00000000d6275d48,0x00000000d6800000)
  from space 512K, 98% used [0x00000000d6800000,0x00000000d687e1a8,0x00000000d6880000)
  to   space 9216K, 0% used [0x00000000d7100000,0x00000000d7100000,0x00000000d7a00000)
 ParOldGen       total 68608K, used 64235K [0x0000000080000000, 0x0000000084300000, 0x00000000d5580000)
  object space 68608K, 93% used [0x0000000080000000,0x0000000083ebaff0,0x0000000084300000)
 Metaspace       used 79861K, committed 81344K, reserved 1179648K
  class space    used 8941K, committed 9600K, reserved 1048576K
GC Heap History (20 events):
Event: 20.369 GC heap before
{Heap before GC invocations=55 (full 3):
 PSYoungGen      total 19456K, used 19232K [0x00000000d5580000, 0x00000000d6a00000, 0x0000000100000000)
  eden space 18944K, 100% used [0x00000000d5580000,0x00000000d6800000,0x00000000d6800000)
  from space 512K, 56% used [0x00000000d6900000,0x00000000d6948000,0x00000000d6980000)
  to   space 512K, 0% used [0x00000000d6980000,0x00000000d6980000,0x00000000d6a00000)
 ParOldGen       total 68608K, used 55734K [0x0000000080000000, 0x0000000084300000, 0x00000000d5580000)
  object space 68608K, 81% used [0x0000000080000000,0x000000008366dbe8,0x0000000084300000)
 Metaspace       used 77088K, committed 78400K, reserved 1179648K
  class space    used 8610K, committed 9216K, reserved 1048576K
}
Event: 20.370 GC heap after
{Heap after GC invocations=55 (full 3):
 PSYoungGen      total 19456K, used 492K [0x00000000d5580000, 0x00000000d6b00000, 0x0000000100000000)
  eden space 18944K, 0% used [0x00000000d5580000,0x00000000d5580000,0x00000000d6800000)
  from space 512K, 96% used [0x00000000d6980000,0x00000000d69fb170,0x00000000d6a00000)
  to   space 1536K, 0% used [0x00000000d6800000,0x00000000d6800000,0x00000000d6980000)
 ParOldGen       total 68608K, used 56359K [0x0000000080000000, 0x0000000084300000, 0x00000000d5580000)
  object space 68608K, 82% used [0x0000000080000000,0x0000000083709e90,0x0000000084300000)
 Metaspace       used 77088K, committed 78400K, reserved 1179648K
  class space    used 8610K, committed 9216K, reserved 1048576K
}
Event: 20.468 GC heap before
{Heap before GC invocations=56 (full 3):
 PSYoungGen      total 19456K, used 19436K [0x00000000d5580000, 0x00000000d6b00000, 0x0000000100000000)
  eden space 18944K, 100% used [0x00000000d5580000,0x00000000d6800000,0x00000000d6800000)
  from space 512K, 96% used [0x00000000d6980000,0x00000000d69fb170,0x00000000d6a00000)
  to   space 1536K, 0% used [0x00000000d6800000,0x00000000d6800000,0x00000000d6980000)
 ParOldGen       total 68608K, used 56359K [0x0000000080000000, 0x0000000084300000, 0x00000000d5580000)
  object space 68608K, 82% used [0x0000000080000000,0x0000000083709e90,0x0000000084300000)
 Metaspace       used 77088K, committed 78400K, reserved 1179648K
  class space    used 8610K, committed 9216K, reserved 1048576K
}
Event: 20.469 GC heap after
{Heap after GC invocations=56 (full 3):
 PSYoungGen      total 20480K, used 1388K [0x00000000d5580000, 0x00000000d6b00000, 0x0000000100000000)
  eden space 18944K, 0% used [0x00000000d5580000,0x00000000d5580000,0x00000000d6800000)
  from space 1536K, 90% used [0x00000000d6800000,0x00000000d695b2d8,0x00000000d6980000)
  to   space 1536K, 0% used [0x00000000d6980000,0x00000000d6980000,0x00000000d6b00000)
 ParOldGen       total 68608K, used 56407K [0x0000000080000000, 0x0000000084300000, 0x00000000d5580000)
  object space 68608K, 82% used [0x0000000080000000,0x0000000083715e90,0x0000000084300000)
 Metaspace       used 77088K, committed 78400K, reserved 1179648K
  class space    used 8610K, committed 9216K, reserved 1048576K
}
Event: 20.572 GC heap before
{Heap before GC invocations=57 (full 3):
 PSYoungGen      total 20480K, used 20332K [0x00000000d5580000, 0x00000000d6b00000, 0x0000000100000000)
  eden space 18944K, 100% used [0x00000000d5580000,0x00000000d6800000,0x00000000d6800000)
  from space 1536K, 90% used [0x00000000d6800000,0x00000000d695b2d8,0x00000000d6980000)
  to   space 1536K, 0% used [0x00000000d6980000,0x00000000d6980000,0x00000000d6b00000)
 ParOldGen       total 68608K, used 56407K [0x0000000080000000, 0x0000000084300000, 0x00000000d5580000)
  object space 68608K, 82% used [0x0000000080000000,0x0000000083715e90,0x0000000084300000)
 Metaspace       used 77088K, committed 78400K, reserved 1179648K
  class space    used 8610K, committed 9216K, reserved 1048576K
}
Event: 20.572 GC heap after
{Heap after GC invocations=57 (full 3):
 PSYoungGen      total 20480K, used 887K [0x00000000d5580000, 0x00000000d6b00000, 0x0000000100000000)
  eden space 18944K, 0% used [0x00000000d5580000,0x00000000d5580000,0x00000000d6800000)
  from space 1536K, 57% used [0x00000000d6980000,0x00000000d6a5dcf8,0x00000000d6b00000)
  to   space 1536K, 0% used [0x00000000d6800000,0x00000000d6800000,0x00000000d6980000)
 ParOldGen       total 68608K, used 56495K [0x0000000080000000, 0x0000000084300000, 0x00000000d5580000)
  object space 68608K, 82% used [0x0000000080000000,0x000000008372be90,0x0000000084300000)
 Metaspace       used 77088K, committed 78400K, reserved 1179648K
  class space    used 8610K, committed 9216K, reserved 1048576K
}
Event: 20.692 GC heap before
{Heap before GC invocations=58 (full 3):
 PSYoungGen      total 20480K, used 19831K [0x00000000d5580000, 0x00000000d6b00000, 0x0000000100000000)
  eden space 18944K, 100% used [0x00000000d5580000,0x00000000d6800000,0x00000000d6800000)
  from space 1536K, 57% used [0x00000000d6980000,0x00000000d6a5dcf8,0x00000000d6b00000)
  to   space 1536K, 0% used [0x00000000d6800000,0x00000000d6800000,0x00000000d6980000)
 ParOldGen       total 68608K, used 56495K [0x0000000080000000, 0x0000000084300000, 0x00000000d5580000)
  object space 68608K, 82% used [0x0000000080000000,0x000000008372be90,0x0000000084300000)
 Metaspace       used 77092K, committed 78400K, reserved 1179648K
  class space    used 8610K, committed 9216K, reserved 1048576K
}
Event: 20.692 GC heap after
{Heap after GC invocations=58 (full 3):
 PSYoungGen      total 19456K, used 493K [0x00000000d5580000, 0x00000000d6a00000, 0x0000000100000000)
  eden space 18944K, 0% used [0x00000000d5580000,0x00000000d5580000,0x00000000d6800000)
  from space 512K, 96% used [0x00000000d6800000,0x00000000d687b420,0x00000000d6880000)
  to   space 1024K, 0% used [0x00000000d6900000,0x00000000d6900000,0x00000000d6a00000)
 ParOldGen       total 68608K, used 56543K [0x0000000080000000, 0x0000000084300000, 0x00000000d5580000)
  object space 68608K, 82% used [0x0000000080000000,0x0000000083737e90,0x0000000084300000)
 Metaspace       used 77092K, committed 78400K, reserved 1179648K
  class space    used 8610K, committed 9216K, reserved 1048576K
}
Event: 20.781 GC heap before
{Heap before GC invocations=59 (full 3):
 PSYoungGen      total 19456K, used 19437K [0x00000000d5580000, 0x00000000d6a00000, 0x0000000100000000)
  eden space 18944K, 100% used [0x00000000d5580000,0x00000000d6800000,0x00000000d6800000)
  from space 512K, 96% used [0x00000000d6800000,0x00000000d687b420,0x00000000d6880000)
  to   space 1024K, 0% used [0x00000000d6900000,0x00000000d6900000,0x00000000d6a00000)
 ParOldGen       total 68608K, used 56543K [0x0000000080000000, 0x0000000084300000, 0x00000000d5580000)
  object space 68608K, 82% used [0x0000000080000000,0x0000000083737e90,0x0000000084300000)
 Metaspace       used 77092K, committed 78400K, reserved 1179648K
  class space    used 8610K, committed 9216K, reserved 1048576K
}
Event: 20.782 GC heap after
{Heap after GC invocations=59 (full 3):
 PSYoungGen      total 19968K, used 640K [0x00000000d5580000, 0x00000000d6a00000, 0x0000000100000000)
  eden space 18944K, 0% used [0x00000000d5580000,0x00000000d5580000,0x00000000d6800000)
  from space 1024K, 62% used [0x00000000d6900000,0x00000000d69a0318,0x00000000d6a00000)
  to   space 1024K, 0% used [0x00000000d6800000,0x00000000d6800000,0x00000000d6900000)
 ParOldGen       total 68608K, used 56643K [0x0000000080000000, 0x0000000084300000, 0x00000000d5580000)
  object space 68608K, 82% used [0x0000000080000000,0x0000000083750f60,0x0000000084300000)
 Metaspace       used 77092K, committed 78400K, reserved 1179648K
  class space    used 8610K, committed 9216K, reserved 1048576K
}
Event: 20.897 GC heap before
{Heap before GC invocations=60 (full 3):
 PSYoungGen      total 19968K, used 19584K [0x00000000d5580000, 0x00000000d6a00000, 0x0000000100000000)
  eden space 18944K, 100% used [0x00000000d5580000,0x00000000d6800000,0x00000000d6800000)
  from space 1024K, 62% used [0x00000000d6900000,0x00000000d69a0318,0x00000000d6a00000)
  to   space 1024K, 0% used [0x00000000d6800000,0x00000000d6800000,0x00000000d6900000)
 ParOldGen       total 68608K, used 56643K [0x0000000080000000, 0x0000000084300000, 0x00000000d5580000)
  object space 68608K, 82% used [0x0000000080000000,0x0000000083750f60,0x0000000084300000)
 Metaspace       used 77092K, committed 78400K, reserved 1179648K
  class space    used 8610K, committed 9216K, reserved 1048576K
}
Event: 20.897 GC heap after
{Heap after GC invocations=60 (full 3):
 PSYoungGen      total 19968K, used 1020K [0x00000000d5580000, 0x00000000d6b00000, 0x0000000100000000)
  eden space 18944K, 0% used [0x00000000d5580000,0x00000000d5580000,0x00000000d6800000)
  from space 1024K, 99% used [0x00000000d6800000,0x00000000d68ff1b8,0x00000000d6900000)
  to   space 1536K, 0% used [0x00000000d6980000,0x00000000d6980000,0x00000000d6b00000)
 ParOldGen       total 68608K, used 56894K [0x0000000080000000, 0x0000000084300000, 0x00000000d5580000)
  object space 68608K, 82% used [0x0000000080000000,0x000000008378f888,0x0000000084300000)
 Metaspace       used 77092K, committed 78400K, reserved 1179648K
  class space    used 8610K, committed 9216K, reserved 1048576K
}
Event: 20.994 GC heap before
{Heap before GC invocations=61 (full 3):
 PSYoungGen      total 19968K, used 19948K [0x00000000d5580000, 0x00000000d6b00000, 0x0000000100000000)
  eden space 18944K, 99% used [0x00000000d5580000,0x00000000d67fc118,0x00000000d6800000)
  from space 1024K, 99% used [0x00000000d6800000,0x00000000d68ff1b8,0x00000000d6900000)
  to   space 1536K, 0% used [0x00000000d6980000,0x00000000d6980000,0x00000000d6b00000)
 ParOldGen       total 68608K, used 56894K [0x0000000080000000, 0x0000000084300000, 0x00000000d5580000)
  object space 68608K, 82% used [0x0000000080000000,0x000000008378f888,0x0000000084300000)
 Metaspace       used 77092K, committed 78400K, reserved 1179648K
  class space    used 8610K, committed 9216K, reserved 1048576K
}
Event: 20.995 GC heap after
{Heap after GC invocations=61 (full 3):
 PSYoungGen      total 20480K, used 1252K [0x00000000d5580000, 0x00000000d6b00000, 0x0000000100000000)
  eden space 18944K, 0% used [0x00000000d5580000,0x00000000d5580000,0x00000000d6800000)
  from space 1536K, 81% used [0x00000000d6980000,0x00000000d6ab9368,0x00000000d6b00000)
  to   space 1536K, 0% used [0x00000000d6800000,0x00000000d6800000,0x00000000d6980000)
 ParOldGen       total 68608K, used 56950K [0x0000000080000000, 0x0000000084300000, 0x00000000d5580000)
  object space 68608K, 83% used [0x0000000080000000,0x000000008379d888,0x0000000084300000)
 Metaspace       used 77092K, committed 78400K, reserved 1179648K
  class space    used 8610K, committed 9216K, reserved 1048576K
}
Event: 21.210 GC heap before
{Heap before GC invocations=62 (full 3):
 PSYoungGen      total 20480K, used 20196K [0x00000000d5580000, 0x00000000d6b00000, 0x0000000100000000)
  eden space 18944K, 100% used [0x00000000d5580000,0x00000000d6800000,0x00000000d6800000)
  from space 1536K, 81% used [0x00000000d6980000,0x00000000d6ab9368,0x00000000d6b00000)
  to   space 1536K, 0% used [0x00000000d6800000,0x00000000d6800000,0x00000000d6980000)
 ParOldGen       total 68608K, used 56950K [0x0000000080000000, 0x0000000084300000, 0x00000000d5580000)
  object space 68608K, 83% used [0x0000000080000000,0x000000008379d888,0x0000000084300000)
 Metaspace       used 78052K, committed 79296K, reserved 1179648K
  class space    used 8743K, committed 9344K, reserved 1048576K
}
Event: 21.211 GC heap after
{Heap after GC invocations=62 (full 3):
 PSYoungGen      total 19456K, used 384K [0x00000000d5580000, 0x00000000d6a00000, 0x0000000100000000)
  eden space 18944K, 0% used [0x00000000d5580000,0x00000000d5580000,0x00000000d6800000)
  from space 512K, 75% used [0x00000000d6800000,0x00000000d6860000,0x00000000d6880000)
  to   space 1024K, 0% used [0x00000000d6900000,0x00000000d6900000,0x00000000d6a00000)
 ParOldGen       total 68608K, used 57006K [0x0000000080000000, 0x0000000084300000, 0x00000000d5580000)
  object space 68608K, 83% used [0x0000000080000000,0x00000000837ab888,0x0000000084300000)
 Metaspace       used 78052K, committed 79296K, reserved 1179648K
  class space    used 8743K, committed 9344K, reserved 1048576K
}
Event: 21.825 GC heap before
{Heap before GC invocations=63 (full 3):
 PSYoungGen      total 19456K, used 19323K [0x00000000d5580000, 0x00000000d6a00000, 0x0000000100000000)
  eden space 18944K, 99% used [0x00000000d5580000,0x00000000d67fee90,0x00000000d6800000)
  from space 512K, 75% used [0x00000000d6800000,0x00000000d6860000,0x00000000d6880000)
  to   space 1024K, 0% used [0x00000000d6900000,0x00000000d6900000,0x00000000d6a00000)
 ParOldGen       total 68608K, used 57006K [0x0000000080000000, 0x0000000084300000, 0x00000000d5580000)
  object space 68608K, 83% used [0x0000000080000000,0x00000000837ab888,0x0000000084300000)
 Metaspace       used 78470K, committed 79744K, reserved 1179648K
  class space    used 8791K, committed 9344K, reserved 1048576K
}
Event: 21.825 GC heap after
{Heap after GC invocations=63 (full 3):
 PSYoungGen      total 19456K, used 384K [0x00000000d5580000, 0x00000000d6980000, 0x0000000100000000)
  eden space 18944K, 0% used [0x00000000d5580000,0x00000000d5580000,0x00000000d6800000)
  from space 512K, 75% used [0x00000000d6900000,0x00000000d6960000,0x00000000d6980000)
  to   space 512K, 0% used [0x00000000d6800000,0x00000000d6800000,0x00000000d6880000)
 ParOldGen       total 68608K, used 57174K [0x0000000080000000, 0x0000000084300000, 0x00000000d5580000)
  object space 68608K, 83% used [0x0000000080000000,0x00000000837d5888,0x0000000084300000)
 Metaspace       used 78470K, committed 79744K, reserved 1179648K
  class space    used 8791K, committed 9344K, reserved 1048576K
}
Event: 21.951 GC heap before
{Heap before GC invocations=64 (full 3):
 PSYoungGen      total 19456K, used 19328K [0x00000000d5580000, 0x00000000d6980000, 0x0000000100000000)
  eden space 18944K, 100% used [0x00000000d5580000,0x00000000d6800000,0x00000000d6800000)
  from space 512K, 75% used [0x00000000d6900000,0x00000000d6960000,0x00000000d6980000)
  to   space 512K, 0% used [0x00000000d6800000,0x00000000d6800000,0x00000000d6880000)
 ParOldGen       total 68608K, used 57174K [0x0000000080000000, 0x0000000084300000, 0x00000000d5580000)
  object space 68608K, 83% used [0x0000000080000000,0x00000000837d5888,0x0000000084300000)
 Metaspace       used 79232K, committed 80640K, reserved 1179648K
  class space    used 8871K, committed 9536K, reserved 1048576K
}
Event: 21.954 GC heap after
{Heap after GC invocations=64 (full 3):
 PSYoungGen      total 19456K, used 504K [0x00000000d5580000, 0x00000000d7a00000, 0x0000000100000000)
  eden space 18944K, 0% used [0x00000000d5580000,0x00000000d5580000,0x00000000d6800000)
  from space 512K, 98% used [0x00000000d6800000,0x00000000d687e1a8,0x00000000d6880000)
  to   space 9216K, 0% used [0x00000000d7100000,0x00000000d7100000,0x00000000d7a00000)
 ParOldGen       total 68608K, used 64235K [0x0000000080000000, 0x0000000084300000, 0x00000000d5580000)
  object space 68608K, 93% used [0x0000000080000000,0x0000000083ebaff0,0x0000000084300000)
 Metaspace       used 79232K, committed 80640K, reserved 1179648K
  class space    used 8871K, committed 9536K, reserved 1048576K
}

